[2025-03-12 11:29:42,412][jax._src.xla_bridge][INFO] - Unable to initialize backend 'rocm': module 'jaxlib.xla_extension' has no attribute 'GpuAllocatorConfig'
[2025-03-12 11:29:42,413][jax._src.xla_bridge][INFO] - Unable to initialize backend 'tpu': INTERNAL: Failed to open libtpu.so: libtpu.so: cannot open shared object file: No such file or directory
[2025-03-12 11:29:42,684][absl][INFO] - Creating samplers for algo bfs
[2025-03-12 11:29:42,684][absl][WARNING] - Ignoring kwargs {'length_needle'} when building sampler class <class 'clrs._src.samplers.BfsSampler'>
[2025-03-12 11:29:42,685][absl][WARNING] - Sampling dataset on-the-fly, unlimited samples.
[2025-03-12 11:29:42,858][absl][WARNING] - Ignoring kwargs {'length_needle'} when building sampler class <class 'clrs._src.samplers.BfsSampler'>
[2025-03-12 11:29:43,034][absl][WARNING] - Ignoring kwargs {'length_needle'} when building sampler class <class 'clrs._src.samplers.BfsSampler'>
[2025-03-12 11:29:43,275][absl][WARNING] - Ignoring kwargs {'length_needle'} when building sampler class <class 'clrs._src.samplers.BfsSampler'>
[2025-03-12 11:29:43,551][absl][WARNING] - Ignoring kwargs {'length_needle'} when building sampler class <class 'clrs._src.samplers.BfsSampler'>
[2025-03-12 11:29:43,879][absl][WARNING] - Ignoring kwargs {'length_needle'} when building sampler class <class 'clrs._src.samplers.BfsSampler'>
[2025-03-12 11:29:43,880][absl][INFO] - Creating a dataset with 64 samples.
[2025-03-12 11:29:43,905][absl][INFO] - Dataset found at /tmp/CLRS30/CLRS30_v1.0.0. Skipping download.
[2025-03-12 11:29:43,907][absl][INFO] - Load dataset info from /tmp/CLRS30/CLRS30_v1.0.0/clrs_dataset/bfs_test/1.0.0
[2025-03-12 11:29:43,911][absl][INFO] - Load dataset info from /tmp/CLRS30/CLRS30_v1.0.0/clrs_dataset/bfs_test/1.0.0
[2025-03-12 11:29:43,916][absl][INFO] - Creating a tf.data.Dataset reading 1 files located in folders: /tmp/CLRS30/CLRS30_v1.0.0/clrs_dataset/bfs_test/1.0.0.
[2025-03-12 11:29:43,994][absl][INFO] - Constructing tf.data.Dataset clrs_dataset for split test, from /tmp/CLRS30/CLRS30_v1.0.0/clrs_dataset/bfs_test/1.0.0
[2025-03-12 11:30:33,643][absl][INFO] - Algo bfs step 0 current loss 4.038291, current_train_items 32.
[2025-03-12 11:30:56,870][absl][INFO] - (test current model) algo bfs : {'pi': 0.2626953125, 'score': 0.2626953125, 'examples_seen': 32, 'step': 0, 'algorithm': 'bfs'}
[2025-03-12 11:30:56,871][absl][INFO] - (val) algo bfs step 0: {'pi': 0.529296875, 'score': 0.529296875, 'examples_seen': 32, 'step': 0, 'algorithm': 'bfs'}
[2025-03-12 11:30:57,924][absl][INFO] - Checkpointing best model, best avg val score was -1.000, current avg val score is 0.529, val scores are: bfs: 0.529
[2025-03-12 11:31:36,156][absl][INFO] - Algo bfs step 1 current loss 3.741739, current_train_items 64.
[2025-03-12 11:32:20,162][absl][INFO] - Algo bfs step 2 current loss 3.370964, current_train_items 96.
[2025-03-12 11:33:01,406][absl][INFO] - Algo bfs step 3 current loss 2.868842, current_train_items 128.
[2025-03-12 11:33:36,343][absl][INFO] - Algo bfs step 4 current loss 2.625592, current_train_items 160.
[2025-03-12 11:33:36,445][absl][INFO] - Algo bfs step 5 current loss 0.950714, current_train_items 192.
[2025-03-12 11:33:36,468][absl][INFO] - Algo bfs step 6 current loss 1.345780, current_train_items 224.
[2025-03-12 11:33:36,506][absl][INFO] - Algo bfs step 7 current loss 1.427383, current_train_items 256.
[2025-03-12 11:33:36,568][absl][INFO] - Algo bfs step 8 current loss 1.517125, current_train_items 288.
[2025-03-12 11:33:36,648][absl][INFO] - Algo bfs step 9 current loss 1.762136, current_train_items 320.
[2025-03-12 11:33:36,746][absl][INFO] - Algo bfs step 10 current loss 0.528645, current_train_items 352.
[2025-03-12 11:33:36,773][absl][INFO] - Algo bfs step 11 current loss 0.732568, current_train_items 384.
[2025-03-12 11:33:36,813][absl][INFO] - Algo bfs step 12 current loss 0.822056, current_train_items 416.
[2025-03-12 11:33:36,876][absl][INFO] - Algo bfs step 13 current loss 0.852679, current_train_items 448.
[2025-03-12 11:33:36,954][absl][INFO] - Algo bfs step 14 current loss 1.048032, current_train_items 480.
[2025-03-12 11:33:37,049][absl][INFO] - Algo bfs step 15 current loss 0.307392, current_train_items 512.
[2025-03-12 11:33:37,072][absl][INFO] - Algo bfs step 16 current loss 0.445622, current_train_items 544.
[2025-03-12 11:33:37,106][absl][INFO] - Algo bfs step 17 current loss 0.547063, current_train_items 576.
[2025-03-12 11:33:37,167][absl][INFO] - Algo bfs step 18 current loss 0.664437, current_train_items 608.
[2025-03-12 11:33:37,248][absl][INFO] - Algo bfs step 19 current loss 0.520289, current_train_items 640.
[2025-03-12 11:33:37,342][absl][INFO] - Algo bfs step 20 current loss 0.152438, current_train_items 672.
[2025-03-12 11:33:37,367][absl][INFO] - Algo bfs step 21 current loss 0.309684, current_train_items 704.
[2025-03-12 11:33:37,404][absl][INFO] - Algo bfs step 22 current loss 0.405618, current_train_items 736.
[2025-03-12 11:33:37,469][absl][INFO] - Algo bfs step 23 current loss 0.330982, current_train_items 768.
[2025-03-12 11:33:37,542][absl][INFO] - Algo bfs step 24 current loss 0.344559, current_train_items 800.
[2025-03-12 11:33:37,639][absl][INFO] - Algo bfs step 25 current loss 0.069334, current_train_items 832.
[2025-03-12 11:33:37,661][absl][INFO] - Algo bfs step 26 current loss 0.131771, current_train_items 864.
[2025-03-12 11:33:37,696][absl][INFO] - Algo bfs step 27 current loss 0.176194, current_train_items 896.
[2025-03-12 11:33:37,755][absl][INFO] - Algo bfs step 28 current loss 0.193276, current_train_items 928.
[2025-03-12 11:33:37,829][absl][INFO] - Algo bfs step 29 current loss 0.161030, current_train_items 960.
[2025-03-12 11:33:37,923][absl][INFO] - Algo bfs step 30 current loss 0.038781, current_train_items 992.
[2025-03-12 11:33:37,948][absl][INFO] - Algo bfs step 31 current loss 0.082050, current_train_items 1024.
[2025-03-12 11:33:37,983][absl][INFO] - Algo bfs step 32 current loss 0.085780, current_train_items 1056.
[2025-03-12 11:33:38,044][absl][INFO] - Algo bfs step 33 current loss 0.081605, current_train_items 1088.
[2025-03-12 11:33:38,124][absl][INFO] - Algo bfs step 34 current loss 0.130697, current_train_items 1120.
[2025-03-12 11:33:38,223][absl][INFO] - Algo bfs step 35 current loss 0.024074, current_train_items 1152.
[2025-03-12 11:33:38,247][absl][INFO] - Algo bfs step 36 current loss 0.052398, current_train_items 1184.
[2025-03-12 11:33:38,282][absl][INFO] - Algo bfs step 37 current loss 0.069114, current_train_items 1216.
[2025-03-12 11:33:38,348][absl][INFO] - Algo bfs step 38 current loss 0.077582, current_train_items 1248.
[2025-03-12 11:33:38,421][absl][INFO] - Algo bfs step 39 current loss 0.100913, current_train_items 1280.
[2025-03-12 11:33:38,516][absl][INFO] - Algo bfs step 40 current loss 0.017598, current_train_items 1312.
[2025-03-12 11:33:38,542][absl][INFO] - Algo bfs step 41 current loss 0.071619, current_train_items 1344.
[2025-03-12 11:33:38,576][absl][INFO] - Algo bfs step 42 current loss 0.058536, current_train_items 1376.
[2025-03-12 11:33:38,634][absl][INFO] - Algo bfs step 43 current loss 0.076258, current_train_items 1408.
[2025-03-12 11:33:38,708][absl][INFO] - Algo bfs step 44 current loss 0.071595, current_train_items 1440.
[2025-03-12 11:33:38,803][absl][INFO] - Algo bfs step 45 current loss 0.016192, current_train_items 1472.
[2025-03-12 11:33:38,828][absl][INFO] - Algo bfs step 46 current loss 0.058459, current_train_items 1504.
[2025-03-12 11:33:38,864][absl][INFO] - Algo bfs step 47 current loss 0.062779, current_train_items 1536.
[2025-03-12 11:33:38,927][absl][INFO] - Algo bfs step 48 current loss 0.086649, current_train_items 1568.
[2025-03-12 11:33:39,009][absl][INFO] - Algo bfs step 49 current loss 0.073159, current_train_items 1600.
[2025-03-12 11:33:39,106][absl][INFO] - Algo bfs step 50 current loss 0.026430, current_train_items 1632.
[2025-03-12 11:33:39,279][absl][INFO] - (test current model) algo bfs : {'pi': 0.994140625, 'score': 0.994140625, 'examples_seen': 1632, 'step': 50, 'algorithm': 'bfs'}
[2025-03-12 11:33:39,280][absl][INFO] - (val) algo bfs step 50: {'pi': 0.9921875, 'score': 0.9921875, 'examples_seen': 1632, 'step': 50, 'algorithm': 'bfs'}
[2025-03-12 11:33:39,581][absl][INFO] - Checkpointing best model, best avg val score was 0.529, current avg val score is 0.992, val scores are: bfs: 0.992
[2025-03-12 11:33:39,651][absl][INFO] - Algo bfs step 51 current loss 0.032954, current_train_items 1664.
[2025-03-12 11:33:39,690][absl][INFO] - Algo bfs step 52 current loss 0.069274, current_train_items 1696.
[2025-03-12 11:33:39,749][absl][INFO] - Algo bfs step 53 current loss 0.055789, current_train_items 1728.
[2025-03-12 11:33:39,829][absl][INFO] - Algo bfs step 54 current loss 0.034343, current_train_items 1760.
[2025-03-12 11:33:39,924][absl][INFO] - Algo bfs step 55 current loss 0.006426, current_train_items 1792.
[2025-03-12 11:33:39,949][absl][INFO] - Algo bfs step 56 current loss 0.020005, current_train_items 1824.
[2025-03-12 11:33:39,984][absl][INFO] - Algo bfs step 57 current loss 0.034550, current_train_items 1856.
[2025-03-12 11:33:40,045][absl][INFO] - Algo bfs step 58 current loss 0.047001, current_train_items 1888.
[2025-03-12 11:33:40,125][absl][INFO] - Algo bfs step 59 current loss 0.055804, current_train_items 1920.
[2025-03-12 11:33:40,220][absl][INFO] - Algo bfs step 60 current loss 0.010988, current_train_items 1952.
[2025-03-12 11:33:40,245][absl][INFO] - Algo bfs step 61 current loss 0.018151, current_train_items 1984.
[2025-03-12 11:33:40,278][absl][INFO] - Algo bfs step 62 current loss 0.024752, current_train_items 2016.
[2025-03-12 11:33:40,338][absl][INFO] - Algo bfs step 63 current loss 0.045562, current_train_items 2048.
[2025-03-12 11:33:40,415][absl][INFO] - Algo bfs step 64 current loss 0.076590, current_train_items 2080.
[2025-03-12 11:33:40,509][absl][INFO] - Algo bfs step 65 current loss 0.004971, current_train_items 2112.
[2025-03-12 11:33:40,536][absl][INFO] - Algo bfs step 66 current loss 0.010967, current_train_items 2144.
[2025-03-12 11:33:40,572][absl][INFO] - Algo bfs step 67 current loss 0.037859, current_train_items 2176.
[2025-03-12 11:33:40,636][absl][INFO] - Algo bfs step 68 current loss 0.040948, current_train_items 2208.
[2025-03-12 11:33:40,715][absl][INFO] - Algo bfs step 69 current loss 0.037804, current_train_items 2240.
[2025-03-12 11:33:40,809][absl][INFO] - Algo bfs step 70 current loss 0.003264, current_train_items 2272.
[2025-03-12 11:33:40,835][absl][INFO] - Algo bfs step 71 current loss 0.010621, current_train_items 2304.
[2025-03-12 11:33:40,869][absl][INFO] - Algo bfs step 72 current loss 0.022443, current_train_items 2336.
[2025-03-12 11:33:40,930][absl][INFO] - Algo bfs step 73 current loss 0.032782, current_train_items 2368.
[2025-03-12 11:33:41,009][absl][INFO] - Algo bfs step 74 current loss 0.035507, current_train_items 2400.
[2025-03-12 11:33:41,103][absl][INFO] - Algo bfs step 75 current loss 0.008113, current_train_items 2432.
[2025-03-12 11:33:41,139][absl][INFO] - Algo bfs step 76 current loss 0.010689, current_train_items 2464.
[2025-03-12 11:33:41,180][absl][INFO] - Algo bfs step 77 current loss 0.015072, current_train_items 2496.
[2025-03-12 11:33:41,252][absl][INFO] - Algo bfs step 78 current loss 0.025736, current_train_items 2528.
[2025-03-12 11:33:41,341][absl][INFO] - Algo bfs step 79 current loss 0.033006, current_train_items 2560.
[2025-03-12 11:33:41,439][absl][INFO] - Algo bfs step 80 current loss 0.002324, current_train_items 2592.
[2025-03-12 11:33:41,470][absl][INFO] - Algo bfs step 81 current loss 0.007586, current_train_items 2624.
[2025-03-12 11:33:41,510][absl][INFO] - Algo bfs step 82 current loss 0.025007, current_train_items 2656.
[2025-03-12 11:33:41,583][absl][INFO] - Algo bfs step 83 current loss 0.030467, current_train_items 2688.
[2025-03-12 11:33:41,671][absl][INFO] - Algo bfs step 84 current loss 0.034247, current_train_items 2720.
[2025-03-12 11:33:41,772][absl][INFO] - Algo bfs step 85 current loss 0.003160, current_train_items 2752.
[2025-03-12 11:33:41,804][absl][INFO] - Algo bfs step 86 current loss 0.002501, current_train_items 2784.
[2025-03-12 11:33:41,845][absl][INFO] - Algo bfs step 87 current loss 0.016819, current_train_items 2816.
[2025-03-12 11:33:41,916][absl][INFO] - Algo bfs step 88 current loss 0.018072, current_train_items 2848.
[2025-03-12 11:33:41,989][absl][INFO] - Algo bfs step 89 current loss 0.044928, current_train_items 2880.
[2025-03-12 11:33:42,081][absl][INFO] - Algo bfs step 90 current loss 0.005283, current_train_items 2912.
[2025-03-12 11:33:42,107][absl][INFO] - Algo bfs step 91 current loss 0.008041, current_train_items 2944.
[2025-03-12 11:33:42,142][absl][INFO] - Algo bfs step 92 current loss 0.018694, current_train_items 2976.
[2025-03-12 11:33:42,204][absl][INFO] - Algo bfs step 93 current loss 0.027986, current_train_items 3008.
[2025-03-12 11:33:42,282][absl][INFO] - Algo bfs step 94 current loss 0.026254, current_train_items 3040.
[2025-03-12 11:33:42,376][absl][INFO] - Algo bfs step 95 current loss 0.002665, current_train_items 3072.
[2025-03-12 11:33:42,402][absl][INFO] - Algo bfs step 96 current loss 0.008086, current_train_items 3104.
[2025-03-12 11:33:42,436][absl][INFO] - Algo bfs step 97 current loss 0.009155, current_train_items 3136.
[2025-03-12 11:33:42,497][absl][INFO] - Algo bfs step 98 current loss 0.022433, current_train_items 3168.
[2025-03-12 11:33:42,553][absl][INFO] - Algo bfs step 99 current loss 0.016217, current_train_items 3200.
[2025-03-12 11:33:42,620][absl][INFO] - Algo bfs step 100 current loss 0.002025, current_train_items 3232.
[2025-03-12 11:33:42,740][absl][INFO] - (test current model) algo bfs : {'pi': 0.99755859375, 'score': 0.99755859375, 'examples_seen': 3232, 'step': 100, 'algorithm': 'bfs'}
[2025-03-12 11:33:42,741][absl][INFO] - (val) algo bfs step 100: {'pi': 0.998046875, 'score': 0.998046875, 'examples_seen': 3232, 'step': 100, 'algorithm': 'bfs'}
[2025-03-12 11:33:42,944][absl][INFO] - Checkpointing best model, best avg val score was 0.992, current avg val score is 0.998, val scores are: bfs: 0.998
[2025-03-12 11:33:42,989][absl][INFO] - Algo bfs step 101 current loss 0.011974, current_train_items 3264.
[2025-03-12 11:33:43,015][absl][INFO] - Algo bfs step 102 current loss 0.023443, current_train_items 3296.
[2025-03-12 11:33:43,065][absl][INFO] - Algo bfs step 103 current loss 0.019338, current_train_items 3328.
[2025-03-12 11:33:43,122][absl][INFO] - Algo bfs step 104 current loss 0.021394, current_train_items 3360.
[2025-03-12 11:33:43,196][absl][INFO] - Algo bfs step 105 current loss 0.003311, current_train_items 3392.
[2025-03-12 11:33:43,219][absl][INFO] - Algo bfs step 106 current loss 0.035789, current_train_items 3424.
[2025-03-12 11:33:43,246][absl][INFO] - Algo bfs step 107 current loss 0.014158, current_train_items 3456.
[2025-03-12 11:33:43,297][absl][INFO] - Algo bfs step 108 current loss 0.021496, current_train_items 3488.
[2025-03-12 11:33:43,358][absl][INFO] - Algo bfs step 109 current loss 0.029526, current_train_items 3520.
[2025-03-12 11:33:43,434][absl][INFO] - Algo bfs step 110 current loss 0.001826, current_train_items 3552.
[2025-03-12 11:33:43,456][absl][INFO] - Algo bfs step 111 current loss 0.011925, current_train_items 3584.
[2025-03-12 11:33:43,483][absl][INFO] - Algo bfs step 112 current loss 0.027779, current_train_items 3616.
[2025-03-12 11:33:43,530][absl][INFO] - Algo bfs step 113 current loss 0.019731, current_train_items 3648.
[2025-03-12 11:33:43,587][absl][INFO] - Algo bfs step 114 current loss 0.033297, current_train_items 3680.
[2025-03-12 11:33:43,663][absl][INFO] - Algo bfs step 115 current loss 0.008281, current_train_items 3712.
[2025-03-12 11:33:43,688][absl][INFO] - Algo bfs step 116 current loss 0.003809, current_train_items 3744.
[2025-03-12 11:33:43,727][absl][INFO] - Algo bfs step 117 current loss 0.041888, current_train_items 3776.
[2025-03-12 11:33:43,786][absl][INFO] - Algo bfs step 118 current loss 0.018614, current_train_items 3808.
[2025-03-12 11:33:43,855][absl][INFO] - Algo bfs step 119 current loss 0.025137, current_train_items 3840.
[2025-03-12 11:33:43,931][absl][INFO] - Algo bfs step 120 current loss 0.001729, current_train_items 3872.
[2025-03-12 11:33:43,957][absl][INFO] - Algo bfs step 121 current loss 0.013231, current_train_items 3904.
[2025-03-12 11:33:43,991][absl][INFO] - Algo bfs step 122 current loss 0.038809, current_train_items 3936.
[2025-03-12 11:33:44,048][absl][INFO] - Algo bfs step 123 current loss 0.017598, current_train_items 3968.
[2025-03-12 11:33:44,112][absl][INFO] - Algo bfs step 124 current loss 0.032431, current_train_items 4000.
[2025-03-12 11:33:44,183][absl][INFO] - Algo bfs step 125 current loss 0.001593, current_train_items 4032.
[2025-03-12 11:33:44,204][absl][INFO] - Algo bfs step 126 current loss 0.007513, current_train_items 4064.
[2025-03-12 11:33:44,232][absl][INFO] - Algo bfs step 127 current loss 0.014374, current_train_items 4096.
[2025-03-12 11:33:44,278][absl][INFO] - Algo bfs step 128 current loss 0.019058, current_train_items 4128.
[2025-03-12 11:33:44,339][absl][INFO] - Algo bfs step 129 current loss 0.029501, current_train_items 4160.
[2025-03-12 11:33:44,416][absl][INFO] - Algo bfs step 130 current loss 0.001918, current_train_items 4192.
[2025-03-12 11:33:44,434][absl][INFO] - Algo bfs step 131 current loss 0.028503, current_train_items 4224.
[2025-03-12 11:33:44,466][absl][INFO] - Algo bfs step 132 current loss 0.010716, current_train_items 4256.
[2025-03-12 11:33:44,517][absl][INFO] - Algo bfs step 133 current loss 0.051041, current_train_items 4288.
[2025-03-12 11:33:44,578][absl][INFO] - Algo bfs step 134 current loss 0.025832, current_train_items 4320.
[2025-03-12 11:33:44,662][absl][INFO] - Algo bfs step 135 current loss 0.002281, current_train_items 4352.
[2025-03-12 11:33:44,686][absl][INFO] - Algo bfs step 136 current loss 0.004944, current_train_items 4384.
[2025-03-12 11:33:44,723][absl][INFO] - Algo bfs step 137 current loss 0.017833, current_train_items 4416.
[2025-03-12 11:33:44,787][absl][INFO] - Algo bfs step 138 current loss 0.032295, current_train_items 4448.
[2025-03-12 11:33:44,843][absl][INFO] - Algo bfs step 139 current loss 0.033254, current_train_items 4480.
[2025-03-12 11:33:44,919][absl][INFO] - Algo bfs step 140 current loss 0.001678, current_train_items 4512.
[2025-03-12 11:33:44,942][absl][INFO] - Algo bfs step 141 current loss 0.008512, current_train_items 4544.
[2025-03-12 11:33:44,968][absl][INFO] - Algo bfs step 142 current loss 0.027150, current_train_items 4576.
[2025-03-12 11:33:45,023][absl][INFO] - Algo bfs step 143 current loss 0.013209, current_train_items 4608.
[2025-03-12 11:33:45,086][absl][INFO] - Algo bfs step 144 current loss 0.032500, current_train_items 4640.
[2025-03-12 11:33:45,176][absl][INFO] - Algo bfs step 145 current loss 0.001812, current_train_items 4672.
[2025-03-12 11:33:45,200][absl][INFO] - Algo bfs step 146 current loss 0.003166, current_train_items 4704.
[2025-03-12 11:33:45,233][absl][INFO] - Algo bfs step 147 current loss 0.028419, current_train_items 4736.
[2025-03-12 11:33:45,296][absl][INFO] - Algo bfs step 148 current loss 0.027873, current_train_items 4768.
[2025-03-12 11:33:45,365][absl][INFO] - Algo bfs step 149 current loss 0.028247, current_train_items 4800.
[2025-03-12 11:33:45,463][absl][INFO] - Algo bfs step 150 current loss 0.001294, current_train_items 4832.
[2025-03-12 11:33:45,613][absl][INFO] - (test current model) algo bfs : {'pi': 0.9970703125, 'score': 0.9970703125, 'examples_seen': 4832, 'step': 150, 'algorithm': 'bfs'}
[2025-03-12 11:33:45,613][absl][INFO] - (val) algo bfs step 150: {'pi': 0.9931640625, 'score': 0.9931640625, 'examples_seen': 4832, 'step': 150, 'algorithm': 'bfs'}
[2025-03-12 11:33:45,880][absl][INFO] - Not saving new best model, best avg val score was 0.998, current avg val score is 0.993, val scores are: bfs: 0.993
[2025-03-12 11:33:45,946][absl][INFO] - Algo bfs step 151 current loss 0.013344, current_train_items 4864.
[2025-03-12 11:33:45,981][absl][INFO] - Algo bfs step 152 current loss 0.016289, current_train_items 4896.
[2025-03-12 11:33:46,038][absl][INFO] - Algo bfs step 153 current loss 0.010836, current_train_items 4928.
[2025-03-12 11:33:46,110][absl][WARNING] - Increasing hint lengh from 9 to 10
[2025-03-12 11:34:05,617][absl][INFO] - Algo bfs step 154 current loss 0.051393, current_train_items 4960.
[2025-03-12 11:34:05,724][absl][INFO] - Algo bfs step 155 current loss 0.001118, current_train_items 4992.
[2025-03-12 11:34:05,751][absl][INFO] - Algo bfs step 156 current loss 0.004294, current_train_items 5024.
[2025-03-12 11:34:05,790][absl][INFO] - Algo bfs step 157 current loss 0.015394, current_train_items 5056.
[2025-03-12 11:34:05,849][absl][INFO] - Algo bfs step 158 current loss 0.030726, current_train_items 5088.
[2025-03-12 11:34:05,923][absl][INFO] - Algo bfs step 159 current loss 0.024616, current_train_items 5120.
[2025-03-12 11:34:06,029][absl][INFO] - Algo bfs step 160 current loss 0.002906, current_train_items 5152.
[2025-03-12 11:34:06,056][absl][INFO] - Algo bfs step 161 current loss 0.018160, current_train_items 5184.
[2025-03-12 11:34:06,089][absl][INFO] - Algo bfs step 162 current loss 0.019728, current_train_items 5216.
[2025-03-12 11:34:06,146][absl][INFO] - Algo bfs step 163 current loss 0.032783, current_train_items 5248.
[2025-03-12 11:34:06,223][absl][INFO] - Algo bfs step 164 current loss 0.061753, current_train_items 5280.
[2025-03-12 11:34:06,324][absl][INFO] - Algo bfs step 165 current loss 0.002318, current_train_items 5312.
[2025-03-12 11:34:06,349][absl][INFO] - Algo bfs step 166 current loss 0.001640, current_train_items 5344.
[2025-03-12 11:34:06,386][absl][INFO] - Algo bfs step 167 current loss 0.015273, current_train_items 5376.
[2025-03-12 11:34:06,448][absl][INFO] - Algo bfs step 168 current loss 0.011568, current_train_items 5408.
[2025-03-12 11:34:06,518][absl][INFO] - Algo bfs step 169 current loss 0.021082, current_train_items 5440.
[2025-03-12 11:34:06,624][absl][INFO] - Algo bfs step 170 current loss 0.003988, current_train_items 5472.
[2025-03-12 11:34:06,647][absl][INFO] - Algo bfs step 171 current loss 0.009298, current_train_items 5504.
[2025-03-12 11:34:06,680][absl][INFO] - Algo bfs step 172 current loss 0.018313, current_train_items 5536.
[2025-03-12 11:34:06,740][absl][INFO] - Algo bfs step 173 current loss 0.010389, current_train_items 5568.
[2025-03-12 11:34:06,817][absl][INFO] - Algo bfs step 174 current loss 0.029659, current_train_items 5600.
[2025-03-12 11:34:06,921][absl][INFO] - Algo bfs step 175 current loss 0.001497, current_train_items 5632.
[2025-03-12 11:34:06,945][absl][INFO] - Algo bfs step 176 current loss 0.014551, current_train_items 5664.
[2025-03-12 11:34:06,979][absl][INFO] - Algo bfs step 177 current loss 0.014513, current_train_items 5696.
[2025-03-12 11:34:07,042][absl][INFO] - Algo bfs step 178 current loss 0.015028, current_train_items 5728.
[2025-03-12 11:34:07,119][absl][INFO] - Algo bfs step 179 current loss 0.025304, current_train_items 5760.
[2025-03-12 11:34:07,221][absl][INFO] - Algo bfs step 180 current loss 0.001390, current_train_items 5792.
[2025-03-12 11:34:07,247][absl][INFO] - Algo bfs step 181 current loss 0.009069, current_train_items 5824.
[2025-03-12 11:34:07,284][absl][INFO] - Algo bfs step 182 current loss 0.011262, current_train_items 5856.
[2025-03-12 11:34:07,348][absl][INFO] - Algo bfs step 183 current loss 0.025724, current_train_items 5888.
[2025-03-12 11:34:07,421][absl][INFO] - Algo bfs step 184 current loss 0.024501, current_train_items 5920.
[2025-03-12 11:34:07,526][absl][INFO] - Algo bfs step 185 current loss 0.000885, current_train_items 5952.
[2025-03-12 11:34:07,551][absl][INFO] - Algo bfs step 186 current loss 0.004231, current_train_items 5984.
[2025-03-12 11:34:07,584][absl][INFO] - Algo bfs step 187 current loss 0.020055, current_train_items 6016.
[2025-03-12 11:34:07,651][absl][INFO] - Algo bfs step 188 current loss 0.010708, current_train_items 6048.
[2025-03-12 11:34:07,729][absl][INFO] - Algo bfs step 189 current loss 0.024092, current_train_items 6080.
[2025-03-12 11:34:07,835][absl][INFO] - Algo bfs step 190 current loss 0.001156, current_train_items 6112.
[2025-03-12 11:34:07,858][absl][INFO] - Algo bfs step 191 current loss 0.010282, current_train_items 6144.
[2025-03-12 11:34:07,891][absl][INFO] - Algo bfs step 192 current loss 0.013442, current_train_items 6176.
[2025-03-12 11:34:07,951][absl][INFO] - Algo bfs step 193 current loss 0.020426, current_train_items 6208.
[2025-03-12 11:34:08,025][absl][INFO] - Algo bfs step 194 current loss 0.021862, current_train_items 6240.
[2025-03-12 11:34:08,129][absl][INFO] - Algo bfs step 195 current loss 0.025660, current_train_items 6272.
[2025-03-12 11:34:08,154][absl][INFO] - Algo bfs step 196 current loss 0.007350, current_train_items 6304.
[2025-03-12 11:34:08,187][absl][INFO] - Algo bfs step 197 current loss 0.004064, current_train_items 6336.
[2025-03-12 11:34:08,252][absl][INFO] - Algo bfs step 198 current loss 0.014133, current_train_items 6368.
[2025-03-12 11:34:08,319][absl][WARNING] - Increasing hint lengh from 10 to 11
[2025-03-12 11:34:32,337][absl][INFO] - Algo bfs step 199 current loss 0.011137, current_train_items 6400.
[2025-03-12 11:34:32,495][absl][INFO] - Algo bfs step 200 current loss 0.000936, current_train_items 6432.
[2025-03-12 11:34:32,665][absl][INFO] - (test current model) algo bfs : {'pi': 0.9990234375, 'score': 0.9990234375, 'examples_seen': 6432, 'step': 200, 'algorithm': 'bfs'}
[2025-03-12 11:34:32,666][absl][INFO] - (val) algo bfs step 200: {'pi': 0.9951171875, 'score': 0.9951171875, 'examples_seen': 6432, 'step': 200, 'algorithm': 'bfs'}
[2025-03-12 11:34:32,959][absl][INFO] - Not saving new best model, best avg val score was 0.998, current avg val score is 0.995, val scores are: bfs: 0.995
[2025-03-12 11:34:33,028][absl][INFO] - Algo bfs step 201 current loss 0.008131, current_train_items 6464.
[2025-03-12 11:34:33,059][absl][INFO] - Algo bfs step 202 current loss 0.025617, current_train_items 6496.
[2025-03-12 11:34:33,158][absl][INFO] - Algo bfs step 203 current loss 0.010909, current_train_items 6528.
[2025-03-12 11:34:33,231][absl][INFO] - Algo bfs step 204 current loss 0.017013, current_train_items 6560.
[2025-03-12 11:34:33,342][absl][INFO] - Algo bfs step 205 current loss 0.000674, current_train_items 6592.
[2025-03-12 11:34:33,366][absl][INFO] - Algo bfs step 206 current loss 0.016244, current_train_items 6624.
[2025-03-12 11:34:33,399][absl][INFO] - Algo bfs step 207 current loss 0.005544, current_train_items 6656.
[2025-03-12 11:34:33,466][absl][INFO] - Algo bfs step 208 current loss 0.015052, current_train_items 6688.
[2025-03-12 11:34:33,548][absl][INFO] - Algo bfs step 209 current loss 0.020207, current_train_items 6720.
[2025-03-12 11:34:33,661][absl][INFO] - Algo bfs step 210 current loss 0.000580, current_train_items 6752.
[2025-03-12 11:34:33,687][absl][INFO] - Algo bfs step 211 current loss 0.006513, current_train_items 6784.
[2025-03-12 11:34:33,725][absl][INFO] - Algo bfs step 212 current loss 0.010912, current_train_items 6816.
[2025-03-12 11:34:33,788][absl][INFO] - Algo bfs step 213 current loss 0.020189, current_train_items 6848.
[2025-03-12 11:34:33,860][absl][INFO] - Algo bfs step 214 current loss 0.011975, current_train_items 6880.
[2025-03-12 11:34:33,974][absl][INFO] - Algo bfs step 215 current loss 0.000565, current_train_items 6912.
[2025-03-12 11:34:34,000][absl][INFO] - Algo bfs step 216 current loss 0.004069, current_train_items 6944.
[2025-03-12 11:34:34,038][absl][INFO] - Algo bfs step 217 current loss 0.030935, current_train_items 6976.
[2025-03-12 11:34:34,100][absl][INFO] - Algo bfs step 218 current loss 0.009518, current_train_items 7008.
[2025-03-12 11:34:34,178][absl][INFO] - Algo bfs step 219 current loss 0.009810, current_train_items 7040.
[2025-03-12 11:34:34,292][absl][INFO] - Algo bfs step 220 current loss 0.000623, current_train_items 7072.
[2025-03-12 11:34:34,319][absl][INFO] - Algo bfs step 221 current loss 0.008825, current_train_items 7104.
[2025-03-12 11:34:34,356][absl][INFO] - Algo bfs step 222 current loss 0.011315, current_train_items 7136.
[2025-03-12 11:34:34,422][absl][INFO] - Algo bfs step 223 current loss 0.007001, current_train_items 7168.
[2025-03-12 11:34:34,499][absl][INFO] - Algo bfs step 224 current loss 0.012956, current_train_items 7200.
[2025-03-12 11:34:34,611][absl][INFO] - Algo bfs step 225 current loss 0.000710, current_train_items 7232.
[2025-03-12 11:34:34,643][absl][INFO] - Algo bfs step 226 current loss 0.012231, current_train_items 7264.
[2025-03-12 11:34:34,675][absl][INFO] - Algo bfs step 227 current loss 0.009190, current_train_items 7296.
[2025-03-12 11:34:34,740][absl][INFO] - Algo bfs step 228 current loss 0.011256, current_train_items 7328.
[2025-03-12 11:34:34,820][absl][INFO] - Algo bfs step 229 current loss 0.016124, current_train_items 7360.
[2025-03-12 11:34:34,937][absl][INFO] - Algo bfs step 230 current loss 0.000750, current_train_items 7392.
[2025-03-12 11:34:34,962][absl][INFO] - Algo bfs step 231 current loss 0.001626, current_train_items 7424.
[2025-03-12 11:34:34,996][absl][INFO] - Algo bfs step 232 current loss 0.024643, current_train_items 7456.
[2025-03-12 11:34:35,055][absl][INFO] - Algo bfs step 233 current loss 0.009573, current_train_items 7488.
[2025-03-12 11:34:35,133][absl][INFO] - Algo bfs step 234 current loss 0.011908, current_train_items 7520.
[2025-03-12 11:34:35,243][absl][INFO] - Algo bfs step 235 current loss 0.000552, current_train_items 7552.
[2025-03-12 11:34:35,269][absl][INFO] - Algo bfs step 236 current loss 0.001435, current_train_items 7584.
[2025-03-12 11:34:35,303][absl][INFO] - Algo bfs step 237 current loss 0.011050, current_train_items 7616.
[2025-03-12 11:34:35,368][absl][INFO] - Algo bfs step 238 current loss 0.011121, current_train_items 7648.
[2025-03-12 11:34:35,442][absl][INFO] - Algo bfs step 239 current loss 0.010396, current_train_items 7680.
[2025-03-12 11:34:35,553][absl][INFO] - Algo bfs step 240 current loss 0.009850, current_train_items 7712.
[2025-03-12 11:34:35,577][absl][INFO] - Algo bfs step 241 current loss 0.002509, current_train_items 7744.
[2025-03-12 11:34:35,611][absl][INFO] - Algo bfs step 242 current loss 0.013591, current_train_items 7776.
[2025-03-12 11:34:35,674][absl][INFO] - Algo bfs step 243 current loss 0.016733, current_train_items 7808.
[2025-03-12 11:34:35,749][absl][INFO] - Algo bfs step 244 current loss 0.022949, current_train_items 7840.
[2025-03-12 11:34:35,861][absl][INFO] - Algo bfs step 245 current loss 0.000522, current_train_items 7872.
[2025-03-12 11:34:35,886][absl][INFO] - Algo bfs step 246 current loss 0.003894, current_train_items 7904.
[2025-03-12 11:34:35,920][absl][INFO] - Algo bfs step 247 current loss 0.014684, current_train_items 7936.
[2025-03-12 11:34:35,982][absl][INFO] - Algo bfs step 248 current loss 0.011668, current_train_items 7968.
[2025-03-12 11:34:36,063][absl][INFO] - Algo bfs step 249 current loss 0.017209, current_train_items 8000.
[2025-03-12 11:34:36,175][absl][INFO] - Algo bfs step 250 current loss 0.000501, current_train_items 8032.
[2025-03-12 11:34:36,342][absl][INFO] - (test current model) algo bfs : {'pi': 1.0, 'score': 1.0, 'examples_seen': 8032, 'step': 250, 'algorithm': 'bfs'}
[2025-03-12 11:34:36,343][absl][INFO] - (val) algo bfs step 250: {'pi': 0.99609375, 'score': 0.99609375, 'examples_seen': 8032, 'step': 250, 'algorithm': 'bfs'}
[2025-03-12 11:34:36,631][absl][INFO] - Not saving new best model, best avg val score was 0.998, current avg val score is 0.996, val scores are: bfs: 0.996
[2025-03-12 11:34:36,699][absl][INFO] - Algo bfs step 251 current loss 0.006974, current_train_items 8064.
[2025-03-12 11:34:36,736][absl][INFO] - Algo bfs step 252 current loss 0.011005, current_train_items 8096.
[2025-03-12 11:34:36,797][absl][INFO] - Algo bfs step 253 current loss 0.008930, current_train_items 8128.
[2025-03-12 11:34:36,872][absl][INFO] - Algo bfs step 254 current loss 0.011156, current_train_items 8160.
[2025-03-12 11:34:36,986][absl][INFO] - Algo bfs step 255 current loss 0.000405, current_train_items 8192.
[2025-03-12 11:34:37,013][absl][INFO] - Algo bfs step 256 current loss 0.008392, current_train_items 8224.
[2025-03-12 11:34:37,046][absl][INFO] - Algo bfs step 257 current loss 0.007050, current_train_items 8256.
[2025-03-12 11:34:37,110][absl][INFO] - Algo bfs step 258 current loss 0.025103, current_train_items 8288.
[2025-03-12 11:34:37,190][absl][INFO] - Algo bfs step 259 current loss 0.018617, current_train_items 8320.
[2025-03-12 11:34:37,301][absl][INFO] - Algo bfs step 260 current loss 0.011848, current_train_items 8352.
[2025-03-12 11:34:37,325][absl][INFO] - Algo bfs step 261 current loss 0.002114, current_train_items 8384.
[2025-03-12 11:34:37,359][absl][INFO] - Algo bfs step 262 current loss 0.006084, current_train_items 8416.
[2025-03-12 11:34:37,424][absl][INFO] - Algo bfs step 263 current loss 0.018782, current_train_items 8448.
[2025-03-12 11:34:37,495][absl][INFO] - Algo bfs step 264 current loss 0.020963, current_train_items 8480.
[2025-03-12 11:34:37,608][absl][INFO] - Algo bfs step 265 current loss 0.000464, current_train_items 8512.
[2025-03-12 11:34:37,635][absl][INFO] - Algo bfs step 266 current loss 0.011405, current_train_items 8544.
[2025-03-12 11:34:37,669][absl][INFO] - Algo bfs step 267 current loss 0.006238, current_train_items 8576.
[2025-03-12 11:34:37,734][absl][INFO] - Algo bfs step 268 current loss 0.009290, current_train_items 8608.
[2025-03-12 11:34:37,810][absl][INFO] - Algo bfs step 269 current loss 0.017629, current_train_items 8640.
[2025-03-12 11:34:37,920][absl][INFO] - Algo bfs step 270 current loss 0.000524, current_train_items 8672.
[2025-03-12 11:34:37,945][absl][INFO] - Algo bfs step 271 current loss 0.012083, current_train_items 8704.
[2025-03-12 11:34:37,978][absl][INFO] - Algo bfs step 272 current loss 0.040434, current_train_items 8736.
[2025-03-12 11:34:38,042][absl][INFO] - Algo bfs step 273 current loss 0.012315, current_train_items 8768.
[2025-03-12 11:34:38,115][absl][INFO] - Algo bfs step 274 current loss 0.009023, current_train_items 8800.
[2025-03-12 11:34:38,228][absl][INFO] - Algo bfs step 275 current loss 0.001141, current_train_items 8832.
[2025-03-12 11:34:38,250][absl][INFO] - Algo bfs step 276 current loss 0.005920, current_train_items 8864.
[2025-03-12 11:34:38,283][absl][INFO] - Algo bfs step 277 current loss 0.007159, current_train_items 8896.
[2025-03-12 11:34:38,343][absl][INFO] - Algo bfs step 278 current loss 0.019364, current_train_items 8928.
[2025-03-12 11:34:38,420][absl][INFO] - Algo bfs step 279 current loss 0.030380, current_train_items 8960.
[2025-03-12 11:34:38,533][absl][INFO] - Algo bfs step 280 current loss 0.000454, current_train_items 8992.
[2025-03-12 11:34:38,556][absl][INFO] - Algo bfs step 281 current loss 0.018731, current_train_items 9024.
[2025-03-12 11:34:38,589][absl][INFO] - Algo bfs step 282 current loss 0.010527, current_train_items 9056.
[2025-03-12 11:34:38,649][absl][INFO] - Algo bfs step 283 current loss 0.003741, current_train_items 9088.
[2025-03-12 11:34:38,726][absl][INFO] - Algo bfs step 284 current loss 0.025572, current_train_items 9120.
[2025-03-12 11:34:38,838][absl][INFO] - Algo bfs step 285 current loss 0.000440, current_train_items 9152.
[2025-03-12 11:34:38,861][absl][INFO] - Algo bfs step 286 current loss 0.006435, current_train_items 9184.
[2025-03-12 11:34:38,895][absl][INFO] - Algo bfs step 287 current loss 0.003516, current_train_items 9216.
[2025-03-12 11:34:38,968][absl][INFO] - Algo bfs step 288 current loss 0.012645, current_train_items 9248.
[2025-03-12 11:34:39,046][absl][INFO] - Algo bfs step 289 current loss 0.005260, current_train_items 9280.
[2025-03-12 11:34:39,160][absl][INFO] - Algo bfs step 290 current loss 0.000590, current_train_items 9312.
[2025-03-12 11:34:39,191][absl][INFO] - Algo bfs step 291 current loss 0.031229, current_train_items 9344.
[2025-03-12 11:34:39,231][absl][INFO] - Algo bfs step 292 current loss 0.010483, current_train_items 9376.
[2025-03-12 11:34:39,300][absl][INFO] - Algo bfs step 293 current loss 0.011385, current_train_items 9408.
[2025-03-12 11:34:39,388][absl][INFO] - Algo bfs step 294 current loss 0.007247, current_train_items 9440.
[2025-03-12 11:34:39,507][absl][INFO] - Algo bfs step 295 current loss 0.000502, current_train_items 9472.
[2025-03-12 11:34:39,537][absl][INFO] - Algo bfs step 296 current loss 0.010653, current_train_items 9504.
[2025-03-12 11:34:39,577][absl][INFO] - Algo bfs step 297 current loss 0.031602, current_train_items 9536.
[2025-03-12 11:34:39,644][absl][INFO] - Algo bfs step 298 current loss 0.003383, current_train_items 9568.
[2025-03-12 11:34:39,728][absl][INFO] - Algo bfs step 299 current loss 0.013692, current_train_items 9600.
[2025-03-12 11:34:39,846][absl][INFO] - Algo bfs step 300 current loss 0.000359, current_train_items 9632.
[2025-03-12 11:34:40,012][absl][INFO] - (test current model) algo bfs : {'pi': 0.99951171875, 'score': 0.99951171875, 'examples_seen': 9632, 'step': 300, 'algorithm': 'bfs'}
[2025-03-12 11:34:40,013][absl][INFO] - (val) algo bfs step 300: {'pi': 0.9990234375, 'score': 0.9990234375, 'examples_seen': 9632, 'step': 300, 'algorithm': 'bfs'}
[2025-03-12 11:34:40,302][absl][INFO] - Checkpointing best model, best avg val score was 0.998, current avg val score is 0.999, val scores are: bfs: 0.999
[2025-03-12 11:34:40,372][absl][INFO] - Algo bfs step 301 current loss 0.000503, current_train_items 9664.
[2025-03-12 11:34:40,413][absl][INFO] - Algo bfs step 302 current loss 0.007182, current_train_items 9696.
[2025-03-12 11:34:40,484][absl][INFO] - Algo bfs step 303 current loss 0.006893, current_train_items 9728.
[2025-03-12 11:34:40,570][absl][INFO] - Algo bfs step 304 current loss 0.033505, current_train_items 9760.
[2025-03-12 11:34:40,688][absl][INFO] - Algo bfs step 305 current loss 0.000384, current_train_items 9792.
[2025-03-12 11:34:40,717][absl][INFO] - Algo bfs step 306 current loss 0.000487, current_train_items 9824.
[2025-03-12 11:34:40,756][absl][INFO] - Algo bfs step 307 current loss 0.009115, current_train_items 9856.
[2025-03-12 11:34:40,826][absl][INFO] - Algo bfs step 308 current loss 0.007524, current_train_items 9888.
[2025-03-12 11:34:40,898][absl][INFO] - Algo bfs step 309 current loss 0.005721, current_train_items 9920.
[2025-03-12 11:34:41,009][absl][INFO] - Algo bfs step 310 current loss 0.000420, current_train_items 9952.
[2025-03-12 11:34:41,033][absl][INFO] - Algo bfs step 311 current loss 0.003508, current_train_items 9984.
[2025-03-12 11:34:41,067][absl][INFO] - Algo bfs step 312 current loss 0.014276, current_train_items 10016.
[2025-03-12 11:34:41,135][absl][INFO] - Algo bfs step 313 current loss 0.011956, current_train_items 10048.
[2025-03-12 11:34:41,222][absl][INFO] - Algo bfs step 314 current loss 0.009682, current_train_items 10080.
[2025-03-12 11:34:41,341][absl][INFO] - Algo bfs step 315 current loss 0.000483, current_train_items 10112.
[2025-03-12 11:34:41,369][absl][INFO] - Algo bfs step 316 current loss 0.000880, current_train_items 10144.
[2025-03-12 11:34:41,409][absl][INFO] - Algo bfs step 317 current loss 0.007617, current_train_items 10176.
[2025-03-12 11:34:41,479][absl][INFO] - Algo bfs step 318 current loss 0.004008, current_train_items 10208.
[2025-03-12 11:34:41,566][absl][INFO] - Algo bfs step 319 current loss 0.008500, current_train_items 10240.
[2025-03-12 11:34:41,683][absl][INFO] - Algo bfs step 320 current loss 0.004657, current_train_items 10272.
[2025-03-12 11:34:41,709][absl][INFO] - Algo bfs step 321 current loss 0.003363, current_train_items 10304.
[2025-03-12 11:34:41,740][absl][INFO] - Algo bfs step 322 current loss 0.006285, current_train_items 10336.
[2025-03-12 11:34:41,798][absl][INFO] - Algo bfs step 323 current loss 0.009834, current_train_items 10368.
[2025-03-12 11:34:41,875][absl][INFO] - Algo bfs step 324 current loss 0.019107, current_train_items 10400.
[2025-03-12 11:34:41,989][absl][INFO] - Algo bfs step 325 current loss 0.000453, current_train_items 10432.
[2025-03-12 11:34:42,011][absl][INFO] - Algo bfs step 326 current loss 0.000423, current_train_items 10464.
[2025-03-12 11:34:42,052][absl][INFO] - Algo bfs step 327 current loss 0.008301, current_train_items 10496.
[2025-03-12 11:34:42,122][absl][INFO] - Algo bfs step 328 current loss 0.004757, current_train_items 10528.
[2025-03-12 11:34:42,209][absl][INFO] - Algo bfs step 329 current loss 0.014617, current_train_items 10560.
[2025-03-12 11:34:42,325][absl][INFO] - Algo bfs step 330 current loss 0.000287, current_train_items 10592.
[2025-03-12 11:34:42,355][absl][INFO] - Algo bfs step 331 current loss 0.000470, current_train_items 10624.
[2025-03-12 11:34:42,394][absl][INFO] - Algo bfs step 332 current loss 0.004366, current_train_items 10656.
[2025-03-12 11:34:42,462][absl][INFO] - Algo bfs step 333 current loss 0.006069, current_train_items 10688.
[2025-03-12 11:34:42,541][absl][INFO] - Algo bfs step 334 current loss 0.006555, current_train_items 10720.
[2025-03-12 11:34:42,651][absl][INFO] - Algo bfs step 335 current loss 0.000290, current_train_items 10752.
[2025-03-12 11:34:42,677][absl][INFO] - Algo bfs step 336 current loss 0.000384, current_train_items 10784.
[2025-03-12 11:34:42,710][absl][INFO] - Algo bfs step 337 current loss 0.003505, current_train_items 10816.
[2025-03-12 11:34:42,772][absl][INFO] - Algo bfs step 338 current loss 0.017185, current_train_items 10848.
[2025-03-12 11:34:42,850][absl][INFO] - Algo bfs step 339 current loss 0.017525, current_train_items 10880.
[2025-03-12 11:34:42,960][absl][INFO] - Algo bfs step 340 current loss 0.000270, current_train_items 10912.
[2025-03-12 11:34:42,984][absl][INFO] - Algo bfs step 341 current loss 0.010389, current_train_items 10944.
[2025-03-12 11:34:43,018][absl][INFO] - Algo bfs step 342 current loss 0.017963, current_train_items 10976.
[2025-03-12 11:34:43,082][absl][INFO] - Algo bfs step 343 current loss 0.007012, current_train_items 11008.
[2025-03-12 11:34:43,158][absl][INFO] - Algo bfs step 344 current loss 0.006489, current_train_items 11040.
[2025-03-12 11:34:43,270][absl][INFO] - Algo bfs step 345 current loss 0.000268, current_train_items 11072.
[2025-03-12 11:34:43,292][absl][INFO] - Algo bfs step 346 current loss 0.000661, current_train_items 11104.
[2025-03-12 11:34:43,326][absl][INFO] - Algo bfs step 347 current loss 0.003296, current_train_items 11136.
[2025-03-12 11:34:43,391][absl][INFO] - Algo bfs step 348 current loss 0.012215, current_train_items 11168.
[2025-03-12 11:34:43,464][absl][INFO] - Algo bfs step 349 current loss 0.015021, current_train_items 11200.
[2025-03-12 11:34:43,577][absl][INFO] - Algo bfs step 350 current loss 0.000406, current_train_items 11232.
[2025-03-12 11:34:43,744][absl][INFO] - (test current model) algo bfs : {'pi': 0.99951171875, 'score': 0.99951171875, 'examples_seen': 11232, 'step': 350, 'algorithm': 'bfs'}
[2025-03-12 11:34:43,745][absl][INFO] - (val) algo bfs step 350: {'pi': 0.9970703125, 'score': 0.9970703125, 'examples_seen': 11232, 'step': 350, 'algorithm': 'bfs'}
[2025-03-12 11:34:44,037][absl][INFO] - Not saving new best model, best avg val score was 0.999, current avg val score is 0.997, val scores are: bfs: 0.997
[2025-03-12 11:34:44,104][absl][INFO] - Algo bfs step 351 current loss 0.000325, current_train_items 11264.
[2025-03-12 11:34:44,139][absl][INFO] - Algo bfs step 352 current loss 0.004395, current_train_items 11296.
[2025-03-12 11:34:44,202][absl][INFO] - Algo bfs step 353 current loss 0.004462, current_train_items 11328.
[2025-03-12 11:34:44,280][absl][INFO] - Algo bfs step 354 current loss 0.011166, current_train_items 11360.
[2025-03-12 11:34:44,398][absl][INFO] - Algo bfs step 355 current loss 0.000332, current_train_items 11392.
[2025-03-12 11:34:44,424][absl][INFO] - Algo bfs step 356 current loss 0.000354, current_train_items 11424.
[2025-03-12 11:34:44,465][absl][INFO] - Algo bfs step 357 current loss 0.003126, current_train_items 11456.
[2025-03-12 11:34:44,530][absl][INFO] - Algo bfs step 358 current loss 0.011102, current_train_items 11488.
[2025-03-12 11:34:44,609][absl][INFO] - Algo bfs step 359 current loss 0.011533, current_train_items 11520.
[2025-03-12 11:34:44,721][absl][INFO] - Algo bfs step 360 current loss 0.000325, current_train_items 11552.
[2025-03-12 11:34:44,751][absl][INFO] - Algo bfs step 361 current loss 0.006171, current_train_items 11584.
[2025-03-12 11:34:44,789][absl][INFO] - Algo bfs step 362 current loss 0.002125, current_train_items 11616.
[2025-03-12 11:34:44,852][absl][INFO] - Algo bfs step 363 current loss 0.014223, current_train_items 11648.
[2025-03-12 11:34:44,930][absl][INFO] - Algo bfs step 364 current loss 0.017327, current_train_items 11680.
[2025-03-12 11:34:45,045][absl][INFO] - Algo bfs step 365 current loss 0.000438, current_train_items 11712.
[2025-03-12 11:34:45,073][absl][INFO] - Algo bfs step 366 current loss 0.011156, current_train_items 11744.
[2025-03-12 11:34:45,112][absl][INFO] - Algo bfs step 367 current loss 0.012639, current_train_items 11776.
[2025-03-12 11:34:45,176][absl][INFO] - Algo bfs step 368 current loss 0.006467, current_train_items 11808.
[2025-03-12 11:34:45,259][absl][INFO] - Algo bfs step 369 current loss 0.011052, current_train_items 11840.
[2025-03-12 11:34:45,371][absl][INFO] - Algo bfs step 370 current loss 0.000465, current_train_items 11872.
[2025-03-12 11:34:45,401][absl][INFO] - Algo bfs step 371 current loss 0.000497, current_train_items 11904.
[2025-03-12 11:34:45,440][absl][INFO] - Algo bfs step 372 current loss 0.002681, current_train_items 11936.
[2025-03-12 11:34:45,494][absl][INFO] - Algo bfs step 373 current loss 0.002166, current_train_items 11968.
[2025-03-12 11:34:45,553][absl][INFO] - Algo bfs step 374 current loss 0.011778, current_train_items 12000.
[2025-03-12 11:34:45,635][absl][INFO] - Algo bfs step 375 current loss 0.000431, current_train_items 12032.
[2025-03-12 11:34:45,655][absl][INFO] - Algo bfs step 376 current loss 0.005934, current_train_items 12064.
[2025-03-12 11:34:45,684][absl][INFO] - Algo bfs step 377 current loss 0.011768, current_train_items 12096.
[2025-03-12 11:34:45,731][absl][INFO] - Algo bfs step 378 current loss 0.004521, current_train_items 12128.
[2025-03-12 11:34:45,789][absl][INFO] - Algo bfs step 379 current loss 0.005607, current_train_items 12160.
[2025-03-12 11:34:45,886][absl][INFO] - Algo bfs step 380 current loss 0.000355, current_train_items 12192.
[2025-03-12 11:34:45,906][absl][INFO] - Algo bfs step 381 current loss 0.004529, current_train_items 12224.
[2025-03-12 11:34:45,935][absl][INFO] - Algo bfs step 382 current loss 0.003428, current_train_items 12256.
[2025-03-12 11:34:45,989][absl][INFO] - Algo bfs step 383 current loss 0.002302, current_train_items 12288.
[2025-03-12 11:34:46,049][absl][INFO] - Algo bfs step 384 current loss 0.001391, current_train_items 12320.
[2025-03-12 11:34:46,141][absl][INFO] - Algo bfs step 385 current loss 0.000266, current_train_items 12352.
[2025-03-12 11:34:46,160][absl][INFO] - Algo bfs step 386 current loss 0.000250, current_train_items 12384.
[2025-03-12 11:34:46,195][absl][INFO] - Algo bfs step 387 current loss 0.004645, current_train_items 12416.
[2025-03-12 11:34:46,248][absl][INFO] - Algo bfs step 388 current loss 0.009794, current_train_items 12448.
[2025-03-12 11:34:46,313][absl][INFO] - Algo bfs step 389 current loss 0.007271, current_train_items 12480.
[2025-03-12 11:34:46,397][absl][INFO] - Algo bfs step 390 current loss 0.000287, current_train_items 12512.
[2025-03-12 11:34:46,424][absl][INFO] - Algo bfs step 391 current loss 0.000477, current_train_items 12544.
[2025-03-12 11:34:46,450][absl][INFO] - Algo bfs step 392 current loss 0.006140, current_train_items 12576.
[2025-03-12 11:34:46,499][absl][INFO] - Algo bfs step 393 current loss 0.005184, current_train_items 12608.
[2025-03-12 11:34:46,563][absl][INFO] - Algo bfs step 394 current loss 0.007599, current_train_items 12640.
[2025-03-12 11:34:46,654][absl][INFO] - Algo bfs step 395 current loss 0.000241, current_train_items 12672.
[2025-03-12 11:34:46,668][absl][WARNING] - Increasing hint lengh from 6 to 7
[2025-03-12 11:35:04,502][absl][INFO] - Algo bfs step 396 current loss 0.004503, current_train_items 12704.
[2025-03-12 11:35:04,604][absl][INFO] - Algo bfs step 397 current loss 0.021193, current_train_items 12736.
[2025-03-12 11:35:04,669][absl][INFO] - Algo bfs step 398 current loss 0.008767, current_train_items 12768.
[2025-03-12 11:35:04,750][absl][INFO] - Algo bfs step 399 current loss 0.011225, current_train_items 12800.
[2025-03-12 11:35:04,867][absl][INFO] - Algo bfs step 400 current loss 0.000247, current_train_items 12832.
[2025-03-12 11:35:05,063][absl][INFO] - (test current model) algo bfs : {'pi': 0.9970703125, 'score': 0.9970703125, 'examples_seen': 12832, 'step': 400, 'algorithm': 'bfs'}
[2025-03-12 11:35:05,063][absl][INFO] - (val) algo bfs step 400: {'pi': 0.998046875, 'score': 0.998046875, 'examples_seen': 12832, 'step': 400, 'algorithm': 'bfs'}
[2025-03-12 11:35:05,419][absl][INFO] - Not saving new best model, best avg val score was 0.999, current avg val score is 0.998, val scores are: bfs: 0.998
[2025-03-12 11:35:05,489][absl][INFO] - Algo bfs step 401 current loss 0.000557, current_train_items 12864.
[2025-03-12 11:35:05,542][absl][INFO] - Algo bfs step 402 current loss 0.014794, current_train_items 12896.
[2025-03-12 11:35:05,620][absl][INFO] - Algo bfs step 403 current loss 0.027335, current_train_items 12928.
[2025-03-12 11:35:05,702][absl][INFO] - Algo bfs step 404 current loss 0.029789, current_train_items 12960.
[2025-03-12 11:35:05,818][absl][INFO] - Algo bfs step 405 current loss 0.008883, current_train_items 12992.
[2025-03-12 11:35:05,854][absl][INFO] - Algo bfs step 406 current loss 0.012461, current_train_items 13024.
[2025-03-12 11:35:05,909][absl][INFO] - Algo bfs step 407 current loss 0.021354, current_train_items 13056.
[2025-03-12 11:35:05,973][absl][INFO] - Algo bfs step 408 current loss 0.016574, current_train_items 13088.
[2025-03-12 11:35:06,056][absl][INFO] - Algo bfs step 409 current loss 0.033605, current_train_items 13120.
[2025-03-12 11:35:06,169][absl][INFO] - Algo bfs step 410 current loss 0.000365, current_train_items 13152.
[2025-03-12 11:35:06,194][absl][INFO] - Algo bfs step 411 current loss 0.003331, current_train_items 13184.
[2025-03-12 11:35:06,241][absl][INFO] - Algo bfs step 412 current loss 0.004914, current_train_items 13216.
[2025-03-12 11:35:06,306][absl][INFO] - Algo bfs step 413 current loss 0.007792, current_train_items 13248.
[2025-03-12 11:35:06,401][absl][INFO] - Algo bfs step 414 current loss 0.030715, current_train_items 13280.
[2025-03-12 11:35:06,550][absl][INFO] - Algo bfs step 415 current loss 0.000272, current_train_items 13312.
[2025-03-12 11:35:06,580][absl][INFO] - Algo bfs step 416 current loss 0.000893, current_train_items 13344.
[2025-03-12 11:35:06,629][absl][INFO] - Algo bfs step 417 current loss 0.015259, current_train_items 13376.
[2025-03-12 11:35:06,702][absl][INFO] - Algo bfs step 418 current loss 0.007732, current_train_items 13408.
[2025-03-12 11:35:06,789][absl][INFO] - Algo bfs step 419 current loss 0.453331, current_train_items 13440.
[2025-03-12 11:35:06,942][absl][INFO] - Algo bfs step 420 current loss 0.000315, current_train_items 13472.
[2025-03-12 11:35:06,977][absl][INFO] - Algo bfs step 421 current loss 0.000847, current_train_items 13504.
[2025-03-12 11:35:07,033][absl][INFO] - Algo bfs step 422 current loss 0.003070, current_train_items 13536.
[2025-03-12 11:35:07,114][absl][INFO] - Algo bfs step 423 current loss 0.014115, current_train_items 13568.
[2025-03-12 11:35:07,215][absl][INFO] - Algo bfs step 424 current loss 0.035993, current_train_items 13600.
[2025-03-12 11:35:07,371][absl][INFO] - Algo bfs step 425 current loss 0.000778, current_train_items 13632.
[2025-03-12 11:35:07,403][absl][INFO] - Algo bfs step 426 current loss 0.008151, current_train_items 13664.
[2025-03-12 11:35:07,458][absl][INFO] - Algo bfs step 427 current loss 0.011613, current_train_items 13696.
[2025-03-12 11:35:07,539][absl][INFO] - Algo bfs step 428 current loss 0.007306, current_train_items 13728.
[2025-03-12 11:35:07,639][absl][INFO] - Algo bfs step 429 current loss 0.013168, current_train_items 13760.
[2025-03-12 11:35:07,785][absl][INFO] - Algo bfs step 430 current loss 0.000402, current_train_items 13792.
[2025-03-12 11:35:07,815][absl][INFO] - Algo bfs step 431 current loss 0.008582, current_train_items 13824.
[2025-03-12 11:35:07,871][absl][INFO] - Algo bfs step 432 current loss 0.003400, current_train_items 13856.
[2025-03-12 11:35:07,952][absl][INFO] - Algo bfs step 433 current loss 0.003213, current_train_items 13888.
[2025-03-12 11:35:08,053][absl][INFO] - Algo bfs step 434 current loss 0.006286, current_train_items 13920.
[2025-03-12 11:35:08,203][absl][INFO] - Algo bfs step 435 current loss 0.000390, current_train_items 13952.
[2025-03-12 11:35:08,232][absl][INFO] - Algo bfs step 436 current loss 0.001298, current_train_items 13984.
[2025-03-12 11:35:08,288][absl][INFO] - Algo bfs step 437 current loss 0.004795, current_train_items 14016.
[2025-03-12 11:35:08,369][absl][INFO] - Algo bfs step 438 current loss 0.001996, current_train_items 14048.
[2025-03-12 11:35:08,471][absl][INFO] - Algo bfs step 439 current loss 0.013080, current_train_items 14080.
[2025-03-12 11:35:08,623][absl][INFO] - Algo bfs step 440 current loss 0.000206, current_train_items 14112.
[2025-03-12 11:35:08,659][absl][INFO] - Algo bfs step 441 current loss 0.003947, current_train_items 14144.
[2025-03-12 11:35:08,715][absl][INFO] - Algo bfs step 442 current loss 0.002684, current_train_items 14176.
[2025-03-12 11:35:08,796][absl][INFO] - Algo bfs step 443 current loss 0.018303, current_train_items 14208.
[2025-03-12 11:35:08,897][absl][INFO] - Algo bfs step 444 current loss 0.011268, current_train_items 14240.
[2025-03-12 11:35:09,047][absl][INFO] - Algo bfs step 445 current loss 0.004883, current_train_items 14272.
[2025-03-12 11:35:09,077][absl][INFO] - Algo bfs step 446 current loss 0.000367, current_train_items 14304.
[2025-03-12 11:35:09,132][absl][INFO] - Algo bfs step 447 current loss 0.011469, current_train_items 14336.
[2025-03-12 11:35:09,213][absl][INFO] - Algo bfs step 448 current loss 0.006124, current_train_items 14368.
[2025-03-12 11:35:09,313][absl][INFO] - Algo bfs step 449 current loss 0.008056, current_train_items 14400.
[2025-03-12 11:35:09,465][absl][INFO] - Algo bfs step 450 current loss 0.000207, current_train_items 14432.
[2025-03-12 11:35:09,685][absl][INFO] - (test current model) algo bfs : {'pi': 0.99951171875, 'score': 0.99951171875, 'examples_seen': 14432, 'step': 450, 'algorithm': 'bfs'}
[2025-03-12 11:35:09,685][absl][INFO] - (val) algo bfs step 450: {'pi': 0.9951171875, 'score': 0.9951171875, 'examples_seen': 14432, 'step': 450, 'algorithm': 'bfs'}
[2025-03-12 11:35:10,116][absl][INFO] - Not saving new best model, best avg val score was 0.999, current avg val score is 0.995, val scores are: bfs: 0.995
[2025-03-12 11:35:10,209][absl][INFO] - Algo bfs step 451 current loss 0.001488, current_train_items 14464.
[2025-03-12 11:35:10,265][absl][INFO] - Algo bfs step 452 current loss 0.004556, current_train_items 14496.
[2025-03-12 11:35:10,345][absl][INFO] - Algo bfs step 453 current loss 0.011998, current_train_items 14528.
[2025-03-12 11:35:10,436][absl][INFO] - Algo bfs step 454 current loss 0.006144, current_train_items 14560.
[2025-03-12 11:35:10,588][absl][INFO] - Algo bfs step 455 current loss 0.000245, current_train_items 14592.
[2025-03-12 11:35:10,624][absl][INFO] - Algo bfs step 456 current loss 0.008742, current_train_items 14624.
[2025-03-12 11:35:10,679][absl][INFO] - Algo bfs step 457 current loss 0.009449, current_train_items 14656.
[2025-03-12 11:35:10,762][absl][INFO] - Algo bfs step 458 current loss 0.017916, current_train_items 14688.
[2025-03-12 11:35:10,862][absl][INFO] - Algo bfs step 459 current loss 0.016947, current_train_items 14720.
[2025-03-12 11:35:11,014][absl][INFO] - Algo bfs step 460 current loss 0.000171, current_train_items 14752.
[2025-03-12 11:35:11,044][absl][INFO] - Algo bfs step 461 current loss 0.003990, current_train_items 14784.
[2025-03-12 11:35:11,098][absl][INFO] - Algo bfs step 462 current loss 0.003227, current_train_items 14816.
[2025-03-12 11:35:11,181][absl][INFO] - Algo bfs step 463 current loss 0.004895, current_train_items 14848.
[2025-03-12 11:35:11,275][absl][INFO] - Algo bfs step 464 current loss 0.009411, current_train_items 14880.
[2025-03-12 11:35:11,390][absl][INFO] - Algo bfs step 465 current loss 0.000176, current_train_items 14912.
[2025-03-12 11:35:11,420][absl][INFO] - Algo bfs step 466 current loss 0.010632, current_train_items 14944.
[2025-03-12 11:35:11,464][absl][INFO] - Algo bfs step 467 current loss 0.000969, current_train_items 14976.
[2025-03-12 11:35:11,530][absl][INFO] - Algo bfs step 468 current loss 0.011232, current_train_items 15008.
[2025-03-12 11:35:11,613][absl][INFO] - Algo bfs step 469 current loss 0.006184, current_train_items 15040.
[2025-03-12 11:35:11,732][absl][INFO] - Algo bfs step 470 current loss 0.000165, current_train_items 15072.
[2025-03-12 11:35:11,761][absl][INFO] - Algo bfs step 471 current loss 0.003822, current_train_items 15104.
[2025-03-12 11:35:11,808][absl][INFO] - Algo bfs step 472 current loss 0.002535, current_train_items 15136.
[2025-03-12 11:35:11,880][absl][INFO] - Algo bfs step 473 current loss 0.006093, current_train_items 15168.
[2025-03-12 11:35:11,955][absl][INFO] - Algo bfs step 474 current loss 0.037452, current_train_items 15200.
[2025-03-12 11:35:12,094][absl][INFO] - Algo bfs step 475 current loss 0.000189, current_train_items 15232.
[2025-03-12 11:35:12,126][absl][INFO] - Algo bfs step 476 current loss 0.008248, current_train_items 15264.
[2025-03-12 11:35:12,168][absl][INFO] - Algo bfs step 477 current loss 0.006976, current_train_items 15296.
[2025-03-12 11:35:12,232][absl][INFO] - Algo bfs step 478 current loss 0.014962, current_train_items 15328.
[2025-03-12 11:35:12,312][absl][INFO] - Algo bfs step 479 current loss 0.011258, current_train_items 15360.
[2025-03-12 11:35:12,457][absl][INFO] - Algo bfs step 480 current loss 0.000159, current_train_items 15392.
[2025-03-12 11:35:12,487][absl][INFO] - Algo bfs step 481 current loss 0.000182, current_train_items 15424.
[2025-03-12 11:35:12,531][absl][INFO] - Algo bfs step 482 current loss 0.009704, current_train_items 15456.
[2025-03-12 11:35:12,593][absl][INFO] - Algo bfs step 483 current loss 0.009718, current_train_items 15488.
